<?xml version="1.0" encoding="UTF-8"?>
<testsuite name="example.PasswordValidatorTest" tests="2" skipped="0" failures="0" errors="0" timestamp="2022-10-30T05:50:23" hostname="ijeong-ui-MacBookAir.local" time="0.036">
  <properties/>
  <testcase name="[1] merrycutetest" classname="example.PasswordValidatorTest" time="0.033"/>
  <testcase name="[2] test" classname="example.PasswordValidatorTest" time="0.001"/>
  <system-out><![CDATA[]]></system-out>
  <system-err><![CDATA[]]></system-err>
</testsuite>
